c:\users\c00207200\desktop\ecs_example-master\debug\vc140.pdb
c:\users\c00207200\desktop\ecs_example-master\debug\vc140.idb
c:\users\c00207200\desktop\ecs_example-master\debug\position.obj
c:\users\c00207200\desktop\ecs_example-master\debug\tank.obj
c:\users\c00207200\desktop\ecs_example-master\debug\turret.obj
c:\users\c00207200\desktop\ecs_example-master\debug\volume.obj
c:\users\c00207200\desktop\ecs_example-master\debug\wall.obj
c:\users\c00207200\desktop\ecs_example-master\debug\entitycreator.obj
c:\users\c00207200\desktop\ecs_example-master\debug\game.obj
c:\users\c00207200\desktop\ecs_example-master\debug\gamemanager.obj
c:\users\c00207200\desktop\ecs_example-master\debug\keyhandler.obj
c:\users\c00207200\desktop\ecs_example-master\debug\main.obj
c:\users\c00207200\desktop\ecs_example-master\debug\resourcepath.obj
c:\users\c00207200\desktop\ecs_example-master\debug\screensize.obj
c:\users\c00207200\desktop\ecs_example-master\debug\aicontrolsystem.obj
c:\users\c00207200\desktop\ecs_example-master\debug\levelsystem.obj
c:\users\c00207200\desktop\ecs_example-master\debug\movementsystem.obj
c:\users\c00207200\desktop\ecs_example-master\debug\playercontrolsystem.obj
c:\users\c00207200\desktop\ecs_example-master\debug\rendersystem.obj
c:\users\c00207200\desktop\ecs_example-master\debug\btmath.obj
c:\users\c00207200\desktop\ecs_example-master\debug\collisionbox.obj
c:\users\c00207200\desktop\ecs_example-master\debug\levelloader.obj
c:\users\c00207200\desktop\ecs_example-master\debug\tankai.obj
c:\users\c00207200\desktop\ecs_example-master\debug\ai.obj
c:\users\c00207200\desktop\ecs_example-master\debug\background.obj
c:\users\c00207200\desktop\ecs_example-master\debug\display.obj
c:\users\c00207200\desktop\ecs_example-master\debug\motion.obj
c:\users\c00207200\desktop\ecs_example-master\debug\parent.obj
c:\users\c00207200\desktop\ecs_example-master\debug\playercontrol.obj
c:\users\c00207200\desktop\ecs_example-master\debug\path.obj
e:\ecs_example-master\debug\vc140.pdb
e:\ecs_example-master\debug\vc140.idb
e:\ecs_example-master\debug\position.obj
e:\ecs_example-master\debug\tank.obj
e:\ecs_example-master\debug\turret.obj
e:\ecs_example-master\debug\volume.obj
e:\ecs_example-master\debug\wall.obj
e:\ecs_example-master\debug\entitycreator.obj
e:\ecs_example-master\debug\gamemanager.obj
e:\ecs_example-master\debug\keyhandler.obj
e:\ecs_example-master\debug\resourcepath.obj
e:\ecs_example-master\debug\screensize.obj
e:\ecs_example-master\debug\levelsystem.obj
e:\ecs_example-master\debug\movementsystem.obj
e:\ecs_example-master\debug\playercontrolsystem.obj
e:\ecs_example-master\debug\rendersystem.obj
e:\ecs_example-master\debug\btmath.obj
e:\ecs_example-master\debug\collisionbox.obj
e:\ecs_example-master\debug\levelloader.obj
e:\ecs_example-master\debug\path.obj
e:\ecs_example-master\debug\tankai.obj
e:\ecs_example-master\debug\ai.obj
e:\ecs_example-master\debug\background.obj
e:\ecs_example-master\debug\display.obj
e:\ecs_example-master\debug\motion.obj
e:\ecs_example-master\debug\parent.obj
e:\ecs_example-master\debug\playercontrol.obj
c:\users\c00207200\desktop\ecs_example-master\debug\ecs_example.ilk
c:\users\c00207200\desktop\ecs_example-master\debug\ecs_example.exe
c:\users\c00207200\desktop\ecs_example-master\debug\ecs_example.pdb
c:\users\c00207200\desktop\ecs_example-master\debug\ecs_example.tlog\cl.command.1.tlog
c:\users\c00207200\desktop\ecs_example-master\debug\ecs_example.tlog\cl.read.1.tlog
c:\users\c00207200\desktop\ecs_example-master\debug\ecs_example.tlog\cl.write.1.tlog
c:\users\c00207200\desktop\ecs_example-master\debug\ecs_example.tlog\link.command.1.tlog
c:\users\c00207200\desktop\ecs_example-master\debug\ecs_example.tlog\link.read.1.tlog
c:\users\c00207200\desktop\ecs_example-master\debug\ecs_example.tlog\link.write.1.tlog
